{"total": {"lines":{"total":5972,"covered":4205,"skipped":0,"pct":70.41},"statements":{"total":6454,"covered":4460,"skipped":0,"pct":69.1},"functions":{"total":1447,"covered":992,"skipped":0,"pct":68.55},"branches":{"total":3521,"covered":2158,"skipped":0,"pct":61.28},"branchesTrue":{"total":0,"covered":0,"skipped":0,"pct":100}}
,"/home/user/APEX-OmniHub/__mocks__/framer-motion.ts": {"lines":{"total":13,"covered":13,"skipped":0,"pct":100},"functions":{"total":11,"covered":5,"skipped":0,"pct":45.45},"statements":{"total":19,"covered":13,"skipped":0,"pct":68.42},"branches":{"total":0,"covered":0,"skipped":0,"pct":100}}
,"/home/user/APEX-OmniHub/api/middleware/rate-limiter.ts": {"lines":{"total":8,"covered":5,"skipped":0,"pct":62.5},"functions":{"total":1,"covered":1,"skipped":0,"pct":100},"statements":{"total":8,"covered":5,"skipped":0,"pct":62.5},"branches":{"total":7,"covered":5,"skipped":0,"pct":71.42}}
,"/home/user/APEX-OmniHub/api/omniconnect/exchange.ts": {"lines":{"total":34,"covered":28,"skipped":0,"pct":82.35},"functions":{"total":4,"covered":3,"skipped":0,"pct":75},"statements":{"total":35,"covered":28,"skipped":0,"pct":80},"branches":{"total":25,"covered":16,"skipped":0,"pct":64}}
,"/home/user/APEX-OmniHub/apps/omnihub-site/dashboard/DraggableWidget.tsx": {"lines":{"total":19,"covered":19,"skipped":0,"pct":100},"functions":{"total":4,"covered":4,"skipped":0,"pct":100},"statements":{"total":20,"covered":19,"skipped":0,"pct":95},"branches":{"total":7,"covered":6,"skipped":0,"pct":85.71}}
,"/home/user/APEX-OmniHub/apps/omnihub-site/dashboard/components/ApexAgentAvatar.tsx": {"lines":{"total":17,"covered":17,"skipped":0,"pct":100},"functions":{"total":4,"covered":4,"skipped":0,"pct":100},"statements":{"total":18,"covered":18,"skipped":0,"pct":100},"branches":{"total":22,"covered":22,"skipped":0,"pct":100}}
,"/home/user/APEX-OmniHub/apps/omnihub-site/dashboard/components/GridLayout.tsx": {"lines":{"total":4,"covered":4,"skipped":0,"pct":100},"functions":{"total":2,"covered":2,"skipped":0,"pct":100},"statements":{"total":4,"covered":4,"skipped":0,"pct":100},"branches":{"total":1,"covered":1,"skipped":0,"pct":100}}
,"/home/user/APEX-OmniHub/apps/omnihub-site/dashboard/components/HiddenMetric.tsx": {"lines":{"total":7,"covered":7,"skipped":0,"pct":100},"functions":{"total":3,"covered":3,"skipped":0,"pct":100},"statements":{"total":8,"covered":8,"skipped":0,"pct":100},"branches":{"total":8,"covered":6,"skipped":0,"pct":75}}
,"/home/user/APEX-OmniHub/apps/omnihub-site/dashboard/components/Integrations.tsx": {"lines":{"total":68,"covered":52,"skipped":0,"pct":76.47},"functions":{"total":25,"covered":20,"skipped":0,"pct":80},"statements":{"total":87,"covered":63,"skipped":0,"pct":72.41},"branches":{"total":69,"covered":49,"skipped":0,"pct":71.01}}
,"/home/user/APEX-OmniHub/apps/omnihub-site/dashboard/components/LocalAgents.tsx": {"lines":{"total":36,"covered":27,"skipped":0,"pct":75},"functions":{"total":10,"covered":8,"skipped":0,"pct":80},"statements":{"total":45,"covered":35,"skipped":0,"pct":77.77},"branches":{"total":48,"covered":36,"skipped":0,"pct":75}}
,"/home/user/APEX-OmniHub/apps/omnihub-site/dashboard/components/ModuleRenderer.tsx": {"lines":{"total":16,"covered":16,"skipped":0,"pct":100},"functions":{"total":11,"covered":11,"skipped":0,"pct":100},"statements":{"total":16,"covered":16,"skipped":0,"pct":100},"branches":{"total":2,"covered":2,"skipped":0,"pct":100}}
,"/home/user/APEX-OmniHub/apps/omnihub-site/dashboard/components/NotificationCenter.tsx": {"lines":{"total":15,"covered":15,"skipped":0,"pct":100},"functions":{"total":9,"covered":9,"skipped":0,"pct":100},"statements":{"total":20,"covered":20,"skipped":0,"pct":100},"branches":{"total":16,"covered":16,"skipped":0,"pct":100}}
,"/home/user/APEX-OmniHub/apps/omnihub-site/dashboard/components/PersonaModal.tsx": {"lines":{"total":8,"covered":7,"skipped":0,"pct":87.5},"functions":{"total":4,"covered":3,"skipped":0,"pct":75},"statements":{"total":10,"covered":8,"skipped":0,"pct":80},"branches":{"total":10,"covered":6,"skipped":0,"pct":60}}
,"/home/user/APEX-OmniHub/apps/omnihub-site/dashboard/components/Today.tsx": {"lines":{"total":59,"covered":28,"skipped":0,"pct":47.45},"functions":{"total":18,"covered":6,"skipped":0,"pct":33.33},"statements":{"total":64,"covered":29,"skipped":0,"pct":45.31},"branches":{"total":29,"covered":6,"skipped":0,"pct":20.68}}
,"/home/user/APEX-OmniHub/apps/omnihub-site/dashboard/components/TopHeader.tsx": {"lines":{"total":24,"covered":17,"skipped":0,"pct":70.83},"functions":{"total":9,"covered":5,"skipped":0,"pct":55.55},"statements":{"total":26,"covered":17,"skipped":0,"pct":65.38},"branches":{"total":8,"covered":4,"skipped":0,"pct":50}}
,"/home/user/APEX-OmniHub/apps/omnihub-site/dashboard/components/DashboardOverview/constants.ts": {"lines":{"total":20,"covered":20,"skipped":0,"pct":100},"functions":{"total":1,"covered":1,"skipped":0,"pct":100},"statements":{"total":20,"covered":20,"skipped":0,"pct":100},"branches":{"total":0,"covered":0,"skipped":0,"pct":100}}
,"/home/user/APEX-OmniHub/apps/omnihub-site/dashboard/components/DashboardOverview/data.ts": {"lines":{"total":10,"covered":10,"skipped":0,"pct":100},"functions":{"total":7,"covered":7,"skipped":0,"pct":100},"statements":{"total":14,"covered":14,"skipped":0,"pct":100},"branches":{"total":4,"covered":4,"skipped":0,"pct":100}}
,"/home/user/APEX-OmniHub/apps/omnihub-site/dashboard/components/DashboardOverview/components/AgentPane.tsx": {"lines":{"total":15,"covered":15,"skipped":0,"pct":100},"functions":{"total":8,"covered":4,"skipped":0,"pct":50},"statements":{"total":21,"covered":16,"skipped":0,"pct":76.19},"branches":{"total":20,"covered":10,"skipped":0,"pct":50}}
,"/home/user/APEX-OmniHub/apps/omnihub-site/dashboard/components/DashboardOverview/components/ContextTile.tsx": {"lines":{"total":5,"covered":5,"skipped":0,"pct":100},"functions":{"total":2,"covered":2,"skipped":0,"pct":100},"statements":{"total":5,"covered":5,"skipped":0,"pct":100},"branches":{"total":2,"covered":2,"skipped":0,"pct":100}}
,"/home/user/APEX-OmniHub/apps/omnihub-site/dashboard/components/DashboardOverview/components/EcosystemPane.tsx": {"lines":{"total":3,"covered":3,"skipped":0,"pct":100},"functions":{"total":2,"covered":2,"skipped":0,"pct":100},"statements":{"total":3,"covered":3,"skipped":0,"pct":100},"branches":{"total":2,"covered":2,"skipped":0,"pct":100}}
,"/home/user/APEX-OmniHub/apps/omnihub-site/dashboard/components/DashboardOverview/components/OmniSlatePane.tsx": {"lines":{"total":12,"covered":8,"skipped":0,"pct":66.66},"functions":{"total":7,"covered":5,"skipped":0,"pct":71.42},"statements":{"total":12,"covered":8,"skipped":0,"pct":66.66},"branches":{"total":10,"covered":10,"skipped":0,"pct":100}}
,"/home/user/APEX-OmniHub/apps/omnihub-site/dashboard/components/DashboardOverview/components/RecordButton.tsx": {"lines":{"total":2,"covered":2,"skipped":0,"pct":100},"functions":{"total":1,"covered":1,"skipped":0,"pct":100},"statements":{"total":2,"covered":2,"skipped":0,"pct":100},"branches":{"total":12,"covered":6,"skipped":0,"pct":50}}
,"/home/user/APEX-OmniHub/apps/omnihub-site/dashboard/components/DashboardOverview/hooks/useAgentRecording.ts": {"lines":{"total":45,"covered":40,"skipped":0,"pct":88.88},"functions":{"total":12,"covered":8,"skipped":0,"pct":66.66},"statements":{"total":50,"covered":42,"skipped":0,"pct":84},"branches":{"total":14,"covered":10,"skipped":0,"pct":71.42}}
,"/home/user/APEX-OmniHub/apps/omnihub-site/dashboard/components/media/ClientComputeNode.tsx": {"lines":{"total":43,"covered":39,"skipped":0,"pct":90.69},"functions":{"total":10,"covered":6,"skipped":0,"pct":60},"statements":{"total":46,"covered":42,"skipped":0,"pct":91.3},"branches":{"total":18,"covered":14,"skipped":0,"pct":77.77}}
,"/home/user/APEX-OmniHub/apps/omnihub-site/dashboard/components/media/OmniMediaPlayer.tsx": {"lines":{"total":6,"covered":6,"skipped":0,"pct":100},"functions":{"total":2,"covered":2,"skipped":0,"pct":100},"statements":{"total":8,"covered":8,"skipped":0,"pct":100},"branches":{"total":6,"covered":6,"skipped":0,"pct":100}}
,"/home/user/APEX-OmniHub/apps/omnihub-site/dashboard/components/media/UniversalModalEngine.tsx": {"lines":{"total":37,"covered":28,"skipped":0,"pct":75.67},"functions":{"total":10,"covered":7,"skipped":0,"pct":70},"statements":{"total":40,"covered":30,"skipped":0,"pct":75},"branches":{"total":46,"covered":27,"skipped":0,"pct":58.69}}
,"/home/user/APEX-OmniHub/apps/omnihub-site/src/lib/supabase.ts": {"lines":{"total":11,"covered":7,"skipped":0,"pct":63.63},"functions":{"total":0,"covered":0,"skipped":0,"pct":100},"statements":{"total":13,"covered":7,"skipped":0,"pct":53.84},"branches":{"total":19,"covered":8,"skipped":0,"pct":42.1}}
,"/home/user/APEX-OmniHub/apps/omnihub-site/src/pages/DashboardOverview/DashboardOverview.tsx": {"lines":{"total":40,"covered":36,"skipped":0,"pct":90},"functions":{"total":14,"covered":9,"skipped":0,"pct":64.28},"statements":{"total":46,"covered":38,"skipped":0,"pct":82.6},"branches":{"total":14,"covered":6,"skipped":0,"pct":42.85}}
,"/home/user/APEX-OmniHub/apps/omnihub-site/src/pages/DashboardOverview/constants.ts": {"lines":{"total":19,"covered":19,"skipped":0,"pct":100},"functions":{"total":1,"covered":1,"skipped":0,"pct":100},"statements":{"total":19,"covered":19,"skipped":0,"pct":100},"branches":{"total":0,"covered":0,"skipped":0,"pct":100}}
,"/home/user/APEX-OmniHub/apps/omnihub-site/src/pages/DashboardOverview/data.ts": {"lines":{"total":8,"covered":7,"skipped":0,"pct":87.5},"functions":{"total":5,"covered":5,"skipped":0,"pct":100},"statements":{"total":12,"covered":10,"skipped":0,"pct":83.33},"branches":{"total":4,"covered":2,"skipped":0,"pct":50}}
,"/home/user/APEX-OmniHub/apps/omnihub-site/src/pages/DashboardOverview/index.ts": {"lines":{"total":0,"covered":0,"skipped":0,"pct":100},"functions":{"total":0,"covered":0,"skipped":0,"pct":100},"statements":{"total":0,"covered":0,"skipped":0,"pct":100},"branches":{"total":0,"covered":0,"skipped":0,"pct":100}}
,"/home/user/APEX-OmniHub/apps/omnihub-site/src/pages/DashboardOverview/components/AgentPane.tsx": {"lines":{"total":5,"covered":5,"skipped":0,"pct":100},"functions":{"total":2,"covered":2,"skipped":0,"pct":100},"statements":{"total":5,"covered":5,"skipped":0,"pct":100},"branches":{"total":6,"covered":3,"skipped":0,"pct":50}}
,"/home/user/APEX-OmniHub/apps/omnihub-site/src/pages/DashboardOverview/components/AppTile.tsx": {"lines":{"total":5,"covered":5,"skipped":0,"pct":100},"functions":{"total":1,"covered":1,"skipped":0,"pct":100},"statements":{"total":5,"covered":5,"skipped":0,"pct":100},"branches":{"total":8,"covered":7,"skipped":0,"pct":87.5}}
,"/home/user/APEX-OmniHub/apps/omnihub-site/src/pages/DashboardOverview/components/AppsSection.tsx": {"lines":{"total":7,"covered":6,"skipped":0,"pct":85.71},"functions":{"total":3,"covered":2,"skipped":0,"pct":66.66},"statements":{"total":7,"covered":6,"skipped":0,"pct":85.71},"branches":{"total":0,"covered":0,"skipped":0,"pct":100}}
,"/home/user/APEX-OmniHub/apps/omnihub-site/src/pages/DashboardOverview/components/ContextTile.tsx": {"lines":{"total":5,"covered":4,"skipped":0,"pct":80},"functions":{"total":2,"covered":1,"skipped":0,"pct":50},"statements":{"total":5,"covered":4,"skipped":0,"pct":80},"branches":{"total":2,"covered":1,"skipped":0,"pct":50}}
,"/home/user/APEX-OmniHub/apps/omnihub-site/src/pages/DashboardOverview/components/EcosystemPane.tsx": {"lines":{"total":3,"covered":2,"skipped":0,"pct":66.66},"functions":{"total":2,"covered":1,"skipped":0,"pct":50},"statements":{"total":3,"covered":2,"skipped":0,"pct":66.66},"branches":{"total":2,"covered":1,"skipped":0,"pct":50}}
,"/home/user/APEX-OmniHub/apps/omnihub-site/src/pages/DashboardOverview/components/OmniSlatePane.tsx": {"lines":{"total":12,"covered":6,"skipped":0,"pct":50},"functions":{"total":7,"covered":3,"skipped":0,"pct":42.85},"statements":{"total":12,"covered":6,"skipped":0,"pct":50},"branches":{"total":10,"covered":8,"skipped":0,"pct":80}}
,"/home/user/APEX-OmniHub/apps/omnihub-site/src/pages/DashboardOverview/components/RecordButton.tsx": {"lines":{"total":2,"covered":2,"skipped":0,"pct":100},"functions":{"total":1,"covered":1,"skipped":0,"pct":100},"statements":{"total":2,"covered":2,"skipped":0,"pct":100},"branches":{"total":12,"covered":6,"skipped":0,"pct":50}}
,"/home/user/APEX-OmniHub/apps/omnihub-site/src/pages/DashboardOverview/hooks/useAgentRecording.ts": {"lines":{"total":45,"covered":14,"skipped":0,"pct":31.11},"functions":{"total":12,"covered":3,"skipped":0,"pct":25},"statements":{"total":50,"covered":14,"skipped":0,"pct":28},"branches":{"total":14,"covered":3,"skipped":0,"pct":21.42}}
,"/home/user/APEX-OmniHub/packages/core/src/chaos-contract.ts": {"lines":{"total":3,"covered":3,"skipped":0,"pct":100},"functions":{"total":2,"covered":2,"skipped":0,"pct":100},"statements":{"total":4,"covered":4,"skipped":0,"pct":100},"branches":{"total":0,"covered":0,"skipped":0,"pct":100}}
,"/home/user/APEX-OmniHub/packages/core/src/omniBoardIntegrations.ts": {"lines":{"total":2,"covered":2,"skipped":0,"pct":100},"functions":{"total":0,"covered":0,"skipped":0,"pct":100},"statements":{"total":2,"covered":2,"skipped":0,"pct":100},"branches":{"total":0,"covered":0,"skipped":0,"pct":100}}
,"/home/user/APEX-OmniHub/packages/core/src/registry.schema.ts": {"lines":{"total":4,"covered":4,"skipped":0,"pct":100},"functions":{"total":1,"covered":1,"skipped":0,"pct":100},"statements":{"total":4,"covered":4,"skipped":0,"pct":100},"branches":{"total":0,"covered":0,"skipped":0,"pct":100}}
,"/home/user/APEX-OmniHub/packages/core/src/registry.ts": {"lines":{"total":5,"covered":4,"skipped":0,"pct":80},"functions":{"total":1,"covered":1,"skipped":0,"pct":100},"statements":{"total":6,"covered":5,"skipped":0,"pct":83.33},"branches":{"total":2,"covered":1,"skipped":0,"pct":50}}
,"/home/user/APEX-OmniHub/sim/chaos-engine.ts": {"lines":{"total":75,"covered":63,"skipped":0,"pct":84},"functions":{"total":23,"covered":15,"skipped":0,"pct":65.21},"statements":{"total":83,"covered":68,"skipped":0,"pct":81.92},"branches":{"total":53,"covered":40,"skipped":0,"pct":75.47}}
,"/home/user/APEX-OmniHub/sim/circuit-breaker.ts": {"lines":{"total":112,"covered":112,"skipped":0,"pct":100},"functions":{"total":31,"covered":31,"skipped":0,"pct":100},"statements":{"total":116,"covered":114,"skipped":0,"pct":98.27},"branches":{"total":22,"covered":20,"skipped":0,"pct":90.9}}
,"/home/user/APEX-OmniHub/sim/contracts.ts": {"lines":{"total":55,"covered":55,"skipped":0,"pct":100},"functions":{"total":12,"covered":12,"skipped":0,"pct":100},"statements":{"total":67,"covered":67,"skipped":0,"pct":100},"branches":{"total":59,"covered":59,"skipped":0,"pct":100}}
,"/home/user/APEX-OmniHub/sim/guard-rails.ts": {"lines":{"total":60,"covered":44,"skipped":0,"pct":73.33},"functions":{"total":16,"covered":11,"skipped":0,"pct":68.75},"statements":{"total":65,"covered":47,"skipped":0,"pct":72.3},"branches":{"total":42,"covered":24,"skipped":0,"pct":57.14}}
,"/home/user/APEX-OmniHub/sim/idempotency.ts": {"lines":{"total":145,"covered":106,"skipped":0,"pct":73.1},"functions":{"total":29,"covered":28,"skipped":0,"pct":96.55},"statements":{"total":146,"covered":106,"skipped":0,"pct":72.6},"branches":{"total":74,"covered":39,"skipped":0,"pct":52.7}}
,"/home/user/APEX-OmniHub/sim/metrics.ts": {"lines":{"total":117,"covered":115,"skipped":0,"pct":98.29},"functions":{"total":30,"covered":30,"skipped":0,"pct":100},"statements":{"total":136,"covered":132,"skipped":0,"pct":97.05},"branches":{"total":86,"covered":80,"skipped":0,"pct":93.02}}
,"/home/user/APEX-OmniHub/sim/runner.ts": {"lines":{"total":149,"covered":116,"skipped":0,"pct":77.85},"functions":{"total":24,"covered":16,"skipped":0,"pct":66.66},"statements":{"total":160,"covered":122,"skipped":0,"pct":76.25},"branches":{"total":64,"covered":35,"skipped":0,"pct":54.68}}
,"/home/user/APEX-OmniHub/sim/tests/_helpers/guardRails.ts": {"lines":{"total":1,"covered":1,"skipped":0,"pct":100},"functions":{"total":1,"covered":1,"skipped":0,"pct":100},"statements":{"total":1,"covered":1,"skipped":0,"pct":100},"branches":{"total":1,"covered":1,"skipped":0,"pct":100}}
,"/home/user/APEX-OmniHub/src/api/tools/manifest.ts": {"lines":{"total":10,"covered":9,"skipped":0,"pct":90},"functions":{"total":3,"covered":3,"skipped":0,"pct":100},"statements":{"total":11,"covered":10,"skipped":0,"pct":90.9},"branches":{"total":2,"covered":1,"skipped":0,"pct":50}}
,"/home/user/APEX-OmniHub/src/automation/OutreachDispatcher.ts": {"lines":{"total":32,"covered":28,"skipped":0,"pct":87.5},"functions":{"total":11,"covered":9,"skipped":0,"pct":81.81},"statements":{"total":37,"covered":32,"skipped":0,"pct":86.48},"branches":{"total":16,"covered":12,"skipped":0,"pct":75}}
,"/home/user/APEX-OmniHub/src/components/CloudSetupMessage.tsx": {"lines":{"total":2,"covered":1,"skipped":0,"pct":50},"functions":{"total":1,"covered":0,"skipped":0,"pct":0},"statements":{"total":2,"covered":1,"skipped":0,"pct":50},"branches":{"total":0,"covered":0,"skipped":0,"pct":100}}
,"/home/user/APEX-OmniHub/src/components/ConnectorKit.tsx": {"lines":{"total":32,"covered":27,"skipped":0,"pct":84.37},"functions":{"total":4,"covered":2,"skipped":0,"pct":50},"statements":{"total":33,"covered":28,"skipped":0,"pct":84.84},"branches":{"total":23,"covered":17,"skipped":0,"pct":73.91}}
,"/home/user/APEX-OmniHub/src/components/ErrorBoundary.tsx": {"lines":{"total":17,"covered":15,"skipped":0,"pct":88.23},"functions":{"total":6,"covered":4,"skipped":0,"pct":66.66},"statements":{"total":17,"covered":15,"skipped":0,"pct":88.23},"branches":{"total":12,"covered":9,"skipped":0,"pct":75}}
,"/home/user/APEX-OmniHub/src/components/NFTGatedContent.tsx": {"lines":{"total":33,"covered":31,"skipped":0,"pct":93.93},"functions":{"total":4,"covered":3,"skipped":0,"pct":75},"statements":{"total":33,"covered":31,"skipped":0,"pct":93.93},"branches":{"total":24,"covered":23,"skipped":0,"pct":95.83}}
,"/home/user/APEX-OmniHub/src/components/OmniDashNavIconButton.tsx": {"lines":{"total":2,"covered":2,"skipped":0,"pct":100},"functions":{"total":1,"covered":1,"skipped":0,"pct":100},"statements":{"total":2,"covered":2,"skipped":0,"pct":100},"branches":{"total":7,"covered":7,"skipped":0,"pct":100}}
,"/home/user/APEX-OmniHub/src/components/VoiceInterface.tsx": {"lines":{"total":151,"covered":131,"skipped":0,"pct":86.75},"functions":{"total":21,"covered":18,"skipped":0,"pct":85.71},"statements":{"total":156,"covered":132,"skipped":0,"pct":84.61},"branches":{"total":74,"covered":52,"skipped":0,"pct":70.27}}
,"/home/user/APEX-OmniHub/src/components/WalletConnect.tsx": {"lines":{"total":17,"covered":16,"skipped":0,"pct":94.11},"functions":{"total":5,"covered":5,"skipped":0,"pct":100},"statements":{"total":17,"covered":16,"skipped":0,"pct":94.11},"branches":{"total":31,"covered":29,"skipped":0,"pct":93.54}}
,"/home/user/APEX-OmniHub/src/components/access/AccessGate.tsx": {"lines":{"total":16,"covered":16,"skipped":0,"pct":100},"functions":{"total":4,"covered":4,"skipped":0,"pct":100},"statements":{"total":18,"covered":18,"skipped":0,"pct":100},"branches":{"total":9,"covered":9,"skipped":0,"pct":100}}
,"/home/user/APEX-OmniHub/src/components/demo/DemoModeBanner.tsx": {"lines":{"total":15,"covered":15,"skipped":0,"pct":100},"functions":{"total":5,"covered":5,"skipped":0,"pct":100},"statements":{"total":18,"covered":18,"skipped":0,"pct":100},"branches":{"total":4,"covered":4,"skipped":0,"pct":100}}
,"/home/user/APEX-OmniHub/src/components/global/OmniSupportWidget.tsx": {"lines":{"total":19,"covered":18,"skipped":0,"pct":94.73},"functions":{"total":10,"covered":9,"skipped":0,"pct":90},"statements":{"total":19,"covered":18,"skipped":0,"pct":94.73},"branches":{"total":6,"covered":6,"skipped":0,"pct":100}}
,"/home/user/APEX-OmniHub/src/components/skills/SkillForgeWidget.tsx": {"lines":{"total":99,"covered":34,"skipped":0,"pct":34.34},"functions":{"total":20,"covered":6,"skipped":0,"pct":30},"statements":{"total":104,"covered":35,"skipped":0,"pct":33.65},"branches":{"total":51,"covered":17,"skipped":0,"pct":33.33}}
,"/home/user/APEX-OmniHub/src/components/ui/alert.tsx": {"lines":{"total":10,"covered":10,"skipped":0,"pct":100},"functions":{"total":3,"covered":3,"skipped":0,"pct":100},"statements":{"total":10,"covered":10,"skipped":0,"pct":100},"branches":{"total":0,"covered":0,"skipped":0,"pct":100}}
,"/home/user/APEX-OmniHub/src/components/ui/badge.tsx": {"lines":{"total":2,"covered":2,"skipped":0,"pct":100},"functions":{"total":1,"covered":1,"skipped":0,"pct":100},"statements":{"total":2,"covered":2,"skipped":0,"pct":100},"branches":{"total":0,"covered":0,"skipped":0,"pct":100}}
,"/home/user/APEX-OmniHub/src/components/ui/button.tsx": {"lines":{"total":5,"covered":5,"skipped":0,"pct":100},"functions":{"total":1,"covered":1,"skipped":0,"pct":100},"statements":{"total":5,"covered":5,"skipped":0,"pct":100},"branches":{"total":3,"covered":3,"skipped":0,"pct":100}}
,"/home/user/APEX-OmniHub/src/components/ui/card.tsx": {"lines":{"total":18,"covered":17,"skipped":0,"pct":94.44},"functions":{"total":6,"covered":5,"skipped":0,"pct":83.33},"statements":{"total":18,"covered":17,"skipped":0,"pct":94.44},"branches":{"total":0,"covered":0,"skipped":0,"pct":100}}
,"/home/user/APEX-OmniHub/src/components/ui/dialog.tsx": {"lines":{"total":22,"covered":22,"skipped":0,"pct":100},"functions":{"total":6,"covered":6,"skipped":0,"pct":100},"statements":{"total":22,"covered":22,"skipped":0,"pct":100},"branches":{"total":0,"covered":0,"skipped":0,"pct":100}}
,"/home/user/APEX-OmniHub/src/components/ui/dropdown-menu.tsx": {"lines":{"total":33,"covered":25,"skipped":0,"pct":75.75},"functions":{"total":9,"covered":1,"skipped":0,"pct":11.11},"statements":{"total":33,"covered":25,"skipped":0,"pct":75.75},"branches":{"total":7,"covered":1,"skipped":0,"pct":14.28}}
,"/home/user/APEX-OmniHub/src/components/ui/input.tsx": {"lines":{"total":3,"covered":3,"skipped":0,"pct":100},"functions":{"total":1,"covered":1,"skipped":0,"pct":100},"statements":{"total":3,"covered":3,"skipped":0,"pct":100},"branches":{"total":0,"covered":0,"skipped":0,"pct":100}}
,"/home/user/APEX-OmniHub/src/components/ui/label.tsx": {"lines":{"total":4,"covered":4,"skipped":0,"pct":100},"functions":{"total":1,"covered":1,"skipped":0,"pct":100},"statements":{"total":4,"covered":4,"skipped":0,"pct":100},"branches":{"total":0,"covered":0,"skipped":0,"pct":100}}
,"/home/user/APEX-OmniHub/src/components/ui/scroll-area.tsx": {"lines":{"total":6,"covered":6,"skipped":0,"pct":100},"functions":{"total":2,"covered":2,"skipped":0,"pct":100},"statements":{"total":6,"covered":6,"skipped":0,"pct":100},"branches":{"total":5,"covered":4,"skipped":0,"pct":80}}
,"/home/user/APEX-OmniHub/src/components/ui/textarea.tsx": {"lines":{"total":3,"covered":3,"skipped":0,"pct":100},"functions":{"total":1,"covered":1,"skipped":0,"pct":100},"statements":{"total":3,"covered":3,"skipped":0,"pct":100},"branches":{"total":0,"covered":0,"skipped":0,"pct":100}}
,"/home/user/APEX-OmniHub/src/components/ui/tooltip.tsx": {"lines":{"total":6,"covered":6,"skipped":0,"pct":100},"functions":{"total":1,"covered":1,"skipped":0,"pct":100},"statements":{"total":6,"covered":6,"skipped":0,"pct":100},"branches":{"total":1,"covered":1,"skipped":0,"pct":100}}
,"/home/user/APEX-OmniHub/src/components/workflows/OmniLinkReplay.tsx": {"lines":{"total":44,"covered":40,"skipped":0,"pct":90.9},"functions":{"total":15,"covered":14,"skipped":0,"pct":93.33},"statements":{"total":46,"covered":42,"skipped":0,"pct":91.3},"branches":{"total":28,"covered":25,"skipped":0,"pct":89.28}}
,"/home/user/APEX-OmniHub/src/components/workflows/WorkflowBuilder.tsx": {"lines":{"total":156,"covered":40,"skipped":0,"pct":25.64},"functions":{"total":58,"covered":4,"skipped":0,"pct":6.89},"statements":{"total":186,"covered":40,"skipped":0,"pct":21.5},"branches":{"total":103,"covered":21,"skipped":0,"pct":20.38}}
,"/home/user/APEX-OmniHub/src/contexts/AuthContext.tsx": {"lines":{"total":89,"covered":2,"skipped":0,"pct":2.24},"functions":{"total":13,"covered":0,"skipped":0,"pct":0},"statements":{"total":89,"covered":2,"skipped":0,"pct":2.24},"branches":{"total":36,"covered":0,"skipped":0,"pct":0}}
,"/home/user/APEX-OmniHub/src/core/cognition/CognitionManager.ts": {"lines":{"total":87,"covered":81,"skipped":0,"pct":93.1},"functions":{"total":24,"covered":24,"skipped":0,"pct":100},"statements":{"total":91,"covered":85,"skipped":0,"pct":93.4},"branches":{"total":31,"covered":27,"skipped":0,"pct":87.09}}
,"/home/user/APEX-OmniHub/src/core/cognition/compressionEngine.ts": {"lines":{"total":56,"covered":56,"skipped":0,"pct":100},"functions":{"total":14,"covered":14,"skipped":0,"pct":100},"statements":{"total":67,"covered":67,"skipped":0,"pct":100},"branches":{"total":25,"covered":23,"skipped":0,"pct":92}}
,"/home/user/APEX-OmniHub/src/core/gateway/ApexRealtimeGateway.ts": {"lines":{"total":47,"covered":38,"skipped":0,"pct":80.85},"functions":{"total":14,"covered":11,"skipped":0,"pct":78.57},"statements":{"total":47,"covered":38,"skipped":0,"pct":80.85},"branches":{"total":18,"covered":12,"skipped":0,"pct":66.66}}
,"/home/user/APEX-OmniHub/src/core/gateway/ModelRegistry.ts": {"lines":{"total":23,"covered":22,"skipped":0,"pct":95.65},"functions":{"total":5,"covered":5,"skipped":0,"pct":100},"statements":{"total":24,"covered":23,"skipped":0,"pct":95.83},"branches":{"total":8,"covered":7,"skipped":0,"pct":87.5}}
,"/home/user/APEX-OmniHub/src/core/gateway/OmniRoute.ts": {"lines":{"total":28,"covered":22,"skipped":0,"pct":78.57},"functions":{"total":3,"covered":3,"skipped":0,"pct":100},"statements":{"total":28,"covered":22,"skipped":0,"pct":78.57},"branches":{"total":10,"covered":6,"skipped":0,"pct":60}}
,"/home/user/APEX-OmniHub/src/core/gateway/RoutePolicy.ts": {"lines":{"total":16,"covered":16,"skipped":0,"pct":100},"functions":{"total":3,"covered":3,"skipped":0,"pct":100},"statements":{"total":17,"covered":17,"skipped":0,"pct":100},"branches":{"total":11,"covered":10,"skipped":0,"pct":90.9}}
,"/home/user/APEX-OmniHub/src/core/gateway/TaskComplexityScorer.ts": {"lines":{"total":33,"covered":33,"skipped":0,"pct":100},"functions":{"total":1,"covered":1,"skipped":0,"pct":100},"statements":{"total":34,"covered":34,"skipped":0,"pct":100},"branches":{"total":12,"covered":12,"skipped":0,"pct":100}}
,"/home/user/APEX-OmniHub/src/core/mcp/MCPHostManager.ts": {"lines":{"total":82,"covered":30,"skipped":0,"pct":36.58},"functions":{"total":18,"covered":8,"skipped":0,"pct":44.44},"statements":{"total":90,"covered":30,"skipped":0,"pct":33.33},"branches":{"total":67,"covered":11,"skipped":0,"pct":16.41}}
,"/home/user/APEX-OmniHub/src/core/mcp/MCPServerRegistry.ts": {"lines":{"total":36,"covered":36,"skipped":0,"pct":100},"functions":{"total":8,"covered":8,"skipped":0,"pct":100},"statements":{"total":39,"covered":39,"skipped":0,"pct":100},"branches":{"total":20,"covered":19,"skipped":0,"pct":95}}
,"/home/user/APEX-OmniHub/src/core/mcp/MCPToolDiscovery.ts": {"lines":{"total":31,"covered":30,"skipped":0,"pct":96.77},"functions":{"total":11,"covered":10,"skipped":0,"pct":90.9},"statements":{"total":34,"covered":33,"skipped":0,"pct":97.05},"branches":{"total":12,"covered":12,"skipped":0,"pct":100}}
,"/home/user/APEX-OmniHub/src/core/mcp/MCPTransport.ts": {"lines":{"total":54,"covered":23,"skipped":0,"pct":42.59},"functions":{"total":11,"covered":7,"skipped":0,"pct":63.63},"statements":{"total":54,"covered":23,"skipped":0,"pct":42.59},"branches":{"total":27,"covered":12,"skipped":0,"pct":44.44}}
,"/home/user/APEX-OmniHub/src/core/mcp/mcp.config.ts": {"lines":{"total":8,"covered":4,"skipped":0,"pct":50},"functions":{"total":2,"covered":0,"skipped":0,"pct":0},"statements":{"total":8,"covered":4,"skipped":0,"pct":50},"branches":{"total":2,"covered":0,"skipped":0,"pct":0}}
,"/home/user/APEX-OmniHub/src/core/orchestrator/ApexOrchestrator.ts": {"lines":{"total":20,"covered":19,"skipped":0,"pct":95},"functions":{"total":3,"covered":2,"skipped":0,"pct":66.66},"statements":{"total":20,"covered":19,"skipped":0,"pct":95},"branches":{"total":10,"covered":8,"skipped":0,"pct":80}}
,"/home/user/APEX-OmniHub/src/core/orchestrator/ChronosLock.ts": {"lines":{"total":19,"covered":19,"skipped":0,"pct":100},"functions":{"total":5,"covered":5,"skipped":0,"pct":100},"statements":{"total":19,"covered":19,"skipped":0,"pct":100},"branches":{"total":10,"covered":10,"skipped":0,"pct":100}}
,"/home/user/APEX-OmniHub/src/core/orchestrator/Veritas.ts": {"lines":{"total":21,"covered":19,"skipped":0,"pct":90.47},"functions":{"total":5,"covered":5,"skipped":0,"pct":100},"statements":{"total":21,"covered":19,"skipped":0,"pct":90.47},"branches":{"total":21,"covered":19,"skipped":0,"pct":90.47}}
,"/home/user/APEX-OmniHub/src/core/security/AegisKernel.ts": {"lines":{"total":10,"covered":10,"skipped":0,"pct":100},"functions":{"total":4,"covered":4,"skipped":0,"pct":100},"statements":{"total":11,"covered":11,"skipped":0,"pct":100},"branches":{"total":6,"covered":6,"skipped":0,"pct":100}}
,"/home/user/APEX-OmniHub/src/core/security/SpectreHandshake.ts": {"lines":{"total":18,"covered":18,"skipped":0,"pct":100},"functions":{"total":3,"covered":3,"skipped":0,"pct":100},"statements":{"total":18,"covered":18,"skipped":0,"pct":100},"branches":{"total":13,"covered":12,"skipped":0,"pct":92.3}}
,"/home/user/APEX-OmniHub/src/core/skills/SkillRegistry.ts": {"lines":{"total":9,"covered":7,"skipped":0,"pct":77.77},"functions":{"total":1,"covered":1,"skipped":0,"pct":100},"statements":{"total":9,"covered":7,"skipped":0,"pct":77.77},"branches":{"total":6,"covered":3,"skipped":0,"pct":50}}
,"/home/user/APEX-OmniHub/src/core/types/index.ts": {"lines":{"total":8,"covered":8,"skipped":0,"pct":100},"functions":{"total":2,"covered":2,"skipped":0,"pct":100},"statements":{"total":10,"covered":10,"skipped":0,"pct":100},"branches":{"total":4,"covered":4,"skipped":0,"pct":100}}
,"/home/user/APEX-OmniHub/src/features/registry.ts": {"lines":{"total":13,"covered":10,"skipped":0,"pct":76.92},"functions":{"total":16,"covered":9,"skipped":0,"pct":56.25},"statements":{"total":20,"covered":13,"skipped":0,"pct":65},"branches":{"total":8,"covered":8,"skipped":0,"pct":100}}
,"/home/user/APEX-OmniHub/src/guardian/heartbeat.ts": {"lines":{"total":7,"covered":7,"skipped":0,"pct":100},"functions":{"total":4,"covered":4,"skipped":0,"pct":100},"statements":{"total":7,"covered":7,"skipped":0,"pct":100},"branches":{"total":4,"covered":4,"skipped":0,"pct":100}}
,"/home/user/APEX-OmniHub/src/guardian/loops.ts": {"lines":{"total":20,"covered":1,"skipped":0,"pct":5},"functions":{"total":7,"covered":0,"skipped":0,"pct":0},"statements":{"total":22,"covered":1,"skipped":0,"pct":4.54},"branches":{"total":6,"covered":0,"skipped":0,"pct":0}}
,"/home/user/APEX-OmniHub/src/hooks/useOmniDashAction.ts": {"lines":{"total":0,"covered":0,"skipped":0,"pct":100},"functions":{"total":0,"covered":0,"skipped":0,"pct":100},"statements":{"total":0,"covered":0,"skipped":0,"pct":100},"branches":{"total":0,"covered":0,"skipped":0,"pct":100}}
,"/home/user/APEX-OmniHub/src/hooks/useWalletVerification.ts": {"lines":{"total":66,"covered":42,"skipped":0,"pct":63.63},"functions":{"total":11,"covered":8,"skipped":0,"pct":72.72},"statements":{"total":70,"covered":44,"skipped":0,"pct":62.85},"branches":{"total":30,"covered":14,"skipped":0,"pct":46.66}}
,"/home/user/APEX-OmniHub/src/integrations/maestro/types.ts": {"lines":{"total":3,"covered":3,"skipped":0,"pct":100},"functions":{"total":0,"covered":0,"skipped":0,"pct":100},"statements":{"total":3,"covered":3,"skipped":0,"pct":100},"branches":{"total":0,"covered":0,"skipped":0,"pct":100}}
,"/home/user/APEX-OmniHub/src/integrations/maestro/execution/engine.ts": {"lines":{"total":78,"covered":71,"skipped":0,"pct":91.02},"functions":{"total":9,"covered":8,"skipped":0,"pct":88.88},"statements":{"total":78,"covered":71,"skipped":0,"pct":91.02},"branches":{"total":68,"covered":58,"skipped":0,"pct":85.29}}
,"/home/user/APEX-OmniHub/src/integrations/maestro/execution/man-mode-dispatcher.ts": {"lines":{"total":16,"covered":14,"skipped":0,"pct":87.5},"functions":{"total":2,"covered":2,"skipped":0,"pct":100},"statements":{"total":16,"covered":14,"skipped":0,"pct":87.5},"branches":{"total":7,"covered":6,"skipped":0,"pct":85.71}}
,"/home/user/APEX-OmniHub/src/integrations/maestro/safety/injection-detection.ts": {"lines":{"total":69,"covered":68,"skipped":0,"pct":98.55},"functions":{"total":8,"covered":8,"skipped":0,"pct":100},"statements":{"total":72,"covered":70,"skipped":0,"pct":97.22},"branches":{"total":47,"covered":44,"skipped":0,"pct":93.61}}
,"/home/user/APEX-OmniHub/src/integrations/maestro/safety/risk-events.ts": {"lines":{"total":20,"covered":16,"skipped":0,"pct":80},"functions":{"total":5,"covered":5,"skipped":0,"pct":100},"statements":{"total":20,"covered":16,"skipped":0,"pct":80},"branches":{"total":11,"covered":7,"skipped":0,"pct":63.63}}
,"/home/user/APEX-OmniHub/src/integrations/omnilink/index.ts": {"lines":{"total":0,"covered":0,"skipped":0,"pct":100},"functions":{"total":0,"covered":0,"skipped":0,"pct":100},"statements":{"total":0,"covered":0,"skipped":0,"pct":100},"branches":{"total":0,"covered":0,"skipped":0,"pct":100}}
,"/home/user/APEX-OmniHub/src/integrations/omnilink/port.ts": {"lines":{"total":119,"covered":97,"skipped":0,"pct":81.51},"functions":{"total":26,"covered":21,"skipped":0,"pct":80.76},"statements":{"total":129,"covered":104,"skipped":0,"pct":80.62},"branches":{"total":90,"covered":64,"skipped":0,"pct":71.11}}
,"/home/user/APEX-OmniHub/src/integrations/omnilink/types.ts": {"lines":{"total":0,"covered":0,"skipped":0,"pct":100},"functions":{"total":0,"covered":0,"skipped":0,"pct":100},"statements":{"total":0,"covered":0,"skipped":0,"pct":100},"branches":{"total":0,"covered":0,"skipped":0,"pct":100}}
,"/home/user/APEX-OmniHub/src/layouts/OmniLinkShell.tsx": {"lines":{"total":1,"covered":1,"skipped":0,"pct":100},"functions":{"total":1,"covered":1,"skipped":0,"pct":100},"statements":{"total":1,"covered":1,"skipped":0,"pct":100},"branches":{"total":0,"covered":0,"skipped":0,"pct":100}}
,"/home/user/APEX-OmniHub/src/lib/backoff.ts": {"lines":{"total":6,"covered":6,"skipped":0,"pct":100},"functions":{"total":3,"covered":3,"skipped":0,"pct":100},"statements":{"total":7,"covered":7,"skipped":0,"pct":100},"branches":{"total":4,"covered":4,"skipped":0,"pct":100}}
,"/home/user/APEX-OmniHub/src/lib/batch-processor.ts": {"lines":{"total":31,"covered":31,"skipped":0,"pct":100},"functions":{"total":9,"covered":9,"skipped":0,"pct":100},"statements":{"total":33,"covered":33,"skipped":0,"pct":100},"branches":{"total":19,"covered":18,"skipped":0,"pct":94.73}}
,"/home/user/APEX-OmniHub/src/lib/biometric-auth.ts": {"lines":{"total":116,"covered":12,"skipped":0,"pct":10.34},"functions":{"total":14,"covered":2,"skipped":0,"pct":14.28},"statements":{"total":118,"covered":12,"skipped":0,"pct":10.16},"branches":{"total":64,"covered":8,"skipped":0,"pct":12.5}}
,"/home/user/APEX-OmniHub/src/lib/config.ts": {"lines":{"total":46,"covered":4,"skipped":0,"pct":8.69},"functions":{"total":8,"covered":0,"skipped":0,"pct":0},"statements":{"total":46,"covered":4,"skipped":0,"pct":8.69},"branches":{"total":26,"covered":0,"skipped":0,"pct":0}}
,"/home/user/APEX-OmniHub/src/lib/debug-logger.ts": {"lines":{"total":31,"covered":27,"skipped":0,"pct":87.09},"functions":{"total":7,"covered":7,"skipped":0,"pct":100},"statements":{"total":33,"covered":28,"skipped":0,"pct":84.84},"branches":{"total":40,"covered":31,"skipped":0,"pct":77.5}}
,"/home/user/APEX-OmniHub/src/lib/graceful-degradation.ts": {"lines":{"total":66,"covered":9,"skipped":0,"pct":13.63},"functions":{"total":21,"covered":2,"skipped":0,"pct":9.52},"statements":{"total":71,"covered":9,"skipped":0,"pct":12.67},"branches":{"total":23,"covered":3,"skipped":0,"pct":13.04}}
,"/home/user/APEX-OmniHub/src/lib/monitoring-queue.ts": {"lines":{"total":36,"covered":35,"skipped":0,"pct":97.22},"functions":{"total":9,"covered":8,"skipped":0,"pct":88.88},"statements":{"total":37,"covered":36,"skipped":0,"pct":97.29},"branches":{"total":11,"covered":9,"skipped":0,"pct":81.81}}
,"/home/user/APEX-OmniHub/src/lib/monitoring.ts": {"lines":{"total":154,"covered":124,"skipped":0,"pct":80.51},"functions":{"total":27,"covered":21,"skipped":0,"pct":77.77},"statements":{"total":160,"covered":127,"skipped":0,"pct":79.37},"branches":{"total":78,"covered":50,"skipped":0,"pct":64.1}}
,"/home/user/APEX-OmniHub/src/lib/omni-sentry.ts": {"lines":{"total":146,"covered":18,"skipped":0,"pct":12.32},"functions":{"total":20,"covered":1,"skipped":0,"pct":5},"statements":{"total":155,"covered":18,"skipped":0,"pct":11.61},"branches":{"total":74,"covered":11,"skipped":0,"pct":14.86}}
,"/home/user/APEX-OmniHub/src/lib/ratelimit.ts": {"lines":{"total":12,"covered":12,"skipped":0,"pct":100},"functions":{"total":2,"covered":2,"skipped":0,"pct":100},"statements":{"total":12,"covered":12,"skipped":0,"pct":100},"branches":{"total":10,"covered":10,"skipped":0,"pct":100}}
,"/home/user/APEX-OmniHub/src/lib/sanitization.ts": {"lines":{"total":73,"covered":65,"skipped":0,"pct":89.04},"functions":{"total":9,"covered":8,"skipped":0,"pct":88.88},"statements":{"total":80,"covered":71,"skipped":0,"pct":88.75},"branches":{"total":42,"covered":38,"skipped":0,"pct":90.47}}
,"/home/user/APEX-OmniHub/src/lib/security.ts": {"lines":{"total":109,"covered":76,"skipped":0,"pct":69.72},"functions":{"total":20,"covered":16,"skipped":0,"pct":80},"statements":{"total":112,"covered":78,"skipped":0,"pct":69.64},"branches":{"total":54,"covered":35,"skipped":0,"pct":64.81}}
,"/home/user/APEX-OmniHub/src/lib/ssrf-validation.ts": {"lines":{"total":43,"covered":39,"skipped":0,"pct":90.69},"functions":{"total":10,"covered":9,"skipped":0,"pct":90},"statements":{"total":47,"covered":42,"skipped":0,"pct":89.36},"branches":{"total":30,"covered":24,"skipped":0,"pct":80}}
,"/home/user/APEX-OmniHub/src/lib/storage-adapter.ts": {"lines":{"total":13,"covered":13,"skipped":0,"pct":100},"functions":{"total":5,"covered":5,"skipped":0,"pct":100},"statements":{"total":13,"covered":13,"skipped":0,"pct":100},"branches":{"total":6,"covered":4,"skipped":0,"pct":66.66}}
,"/home/user/APEX-OmniHub/src/lib/utils.ts": {"lines":{"total":1,"covered":1,"skipped":0,"pct":100},"functions":{"total":1,"covered":1,"skipped":0,"pct":100},"statements":{"total":1,"covered":1,"skipped":0,"pct":100},"branches":{"total":0,"covered":0,"skipped":0,"pct":100}}
,"/home/user/APEX-OmniHub/src/lib/database/index.ts": {"lines":{"total":22,"covered":3,"skipped":0,"pct":13.63},"functions":{"total":3,"covered":0,"skipped":0,"pct":0},"statements":{"total":22,"covered":3,"skipped":0,"pct":13.63},"branches":{"total":18,"covered":0,"skipped":0,"pct":0}}
,"/home/user/APEX-OmniHub/src/lib/memory/MemoryClient.ts": {"lines":{"total":35,"covered":35,"skipped":0,"pct":100},"functions":{"total":9,"covered":9,"skipped":0,"pct":100},"statements":{"total":37,"covered":37,"skipped":0,"pct":100},"branches":{"total":42,"covered":38,"skipped":0,"pct":90.47}}
,"/home/user/APEX-OmniHub/src/lib/storage/index.ts": {"lines":{"total":24,"covered":3,"skipped":0,"pct":12.5},"functions":{"total":3,"covered":0,"skipped":0,"pct":0},"statements":{"total":24,"covered":3,"skipped":0,"pct":12.5},"branches":{"total":20,"covered":0,"skipped":0,"pct":0}}
,"/home/user/APEX-OmniHub/src/lib/supabase/client.ts": {"lines":{"total":5,"covered":0,"skipped":0,"pct":0},"functions":{"total":1,"covered":0,"skipped":0,"pct":0},"statements":{"total":5,"covered":0,"skipped":0,"pct":0},"branches":{"total":6,"covered":0,"skipped":0,"pct":0}}
,"/home/user/APEX-OmniHub/src/libs/persistence.ts": {"lines":{"total":57,"covered":23,"skipped":0,"pct":40.35},"functions":{"total":23,"covered":7,"skipped":0,"pct":30.43},"statements":{"total":72,"covered":27,"skipped":0,"pct":37.5},"branches":{"total":26,"covered":11,"skipped":0,"pct":42.3}}
,"/home/user/APEX-OmniHub/src/omniconnect/connectors/base.ts": {"lines":{"total":24,"covered":11,"skipped":0,"pct":45.83},"functions":{"total":7,"covered":3,"skipped":0,"pct":42.85},"statements":{"total":24,"covered":11,"skipped":0,"pct":45.83},"branches":{"total":11,"covered":8,"skipped":0,"pct":72.72}}
,"/home/user/APEX-OmniHub/src/omniconnect/connectors/meta-business.ts": {"lines":{"total":54,"covered":24,"skipped":0,"pct":44.44},"functions":{"total":16,"covered":7,"skipped":0,"pct":43.75},"statements":{"total":57,"covered":26,"skipped":0,"pct":45.61},"branches":{"total":32,"covered":14,"skipped":0,"pct":43.75}}
,"/home/user/APEX-OmniHub/src/omniconnect/core/omniconnect.ts": {"lines":{"total":95,"covered":49,"skipped":0,"pct":51.57},"functions":{"total":17,"covered":9,"skipped":0,"pct":52.94},"statements":{"total":105,"covered":53,"skipped":0,"pct":50.47},"branches":{"total":48,"covered":14,"skipped":0,"pct":29.16}}
,"/home/user/APEX-OmniHub/src/omniconnect/delivery/omnilink-delivery.ts": {"lines":{"total":56,"covered":48,"skipped":0,"pct":85.71},"functions":{"total":14,"covered":13,"skipped":0,"pct":92.85},"statements":{"total":61,"covered":51,"skipped":0,"pct":83.6},"branches":{"total":48,"covered":20,"skipped":0,"pct":41.66}}
,"/home/user/APEX-OmniHub/src/omniconnect/ingress/OmniPort.ts": {"lines":{"total":206,"covered":126,"skipped":0,"pct":61.16},"functions":{"total":36,"covered":25,"skipped":0,"pct":69.44},"statements":{"total":213,"covered":129,"skipped":0,"pct":60.56},"branches":{"total":128,"covered":60,"skipped":0,"pct":46.87}}
,"/home/user/APEX-OmniHub/src/omniconnect/policy/policy-engine.ts": {"lines":{"total":54,"covered":53,"skipped":0,"pct":98.14},"functions":{"total":16,"covered":16,"skipped":0,"pct":100},"statements":{"total":64,"covered":62,"skipped":0,"pct":96.87},"branches":{"total":57,"covered":52,"skipped":0,"pct":91.22}}
,"/home/user/APEX-OmniHub/src/omniconnect/policy/schema-validator.ts": {"lines":{"total":11,"covered":11,"skipped":0,"pct":100},"functions":{"total":2,"covered":2,"skipped":0,"pct":100},"statements":{"total":11,"covered":11,"skipped":0,"pct":100},"branches":{"total":4,"covered":4,"skipped":0,"pct":100}}
,"/home/user/APEX-OmniHub/src/omniconnect/storage/auth-session-storage.ts": {"lines":{"total":34,"covered":15,"skipped":0,"pct":44.11},"functions":{"total":12,"covered":7,"skipped":0,"pct":58.33},"statements":{"total":35,"covered":16,"skipped":0,"pct":45.71},"branches":{"total":10,"covered":8,"skipped":0,"pct":80}}
,"/home/user/APEX-OmniHub/src/omniconnect/storage/encrypted-storage.ts": {"lines":{"total":68,"covered":65,"skipped":0,"pct":95.58},"functions":{"total":20,"covered":20,"skipped":0,"pct":100},"statements":{"total":72,"covered":69,"skipped":0,"pct":95.83},"branches":{"total":19,"covered":16,"skipped":0,"pct":84.21}}
,"/home/user/APEX-OmniHub/src/omniconnect/translation/translator.ts": {"lines":{"total":49,"covered":43,"skipped":0,"pct":87.75},"functions":{"total":11,"covered":8,"skipped":0,"pct":72.72},"statements":{"total":51,"covered":44,"skipped":0,"pct":86.27},"branches":{"total":46,"covered":37,"skipped":0,"pct":80.43}}
,"/home/user/APEX-OmniHub/src/omniconnect/types/canonical.ts": {"lines":{"total":88,"covered":88,"skipped":0,"pct":100},"functions":{"total":7,"covered":7,"skipped":0,"pct":100},"statements":{"total":95,"covered":95,"skipped":0,"pct":100},"branches":{"total":14,"covered":14,"skipped":0,"pct":100}}
,"/home/user/APEX-OmniHub/src/omniconnect/types/ingress.ts": {"lines":{"total":36,"covered":31,"skipped":0,"pct":86.11},"functions":{"total":14,"covered":9,"skipped":0,"pct":64.28},"statements":{"total":37,"covered":32,"skipped":0,"pct":86.48},"branches":{"total":6,"covered":5,"skipped":0,"pct":83.33}}
,"/home/user/APEX-OmniHub/src/omniconnect/types/schema.ts": {"lines":{"total":3,"covered":3,"skipped":0,"pct":100},"functions":{"total":0,"covered":0,"skipped":0,"pct":100},"statements":{"total":3,"covered":3,"skipped":0,"pct":100},"branches":{"total":0,"covered":0,"skipped":0,"pct":100}}
,"/home/user/APEX-OmniHub/src/omniconnect/utils/correlation.ts": {"lines":{"total":7,"covered":1,"skipped":0,"pct":14.28},"functions":{"total":3,"covered":1,"skipped":0,"pct":33.33},"statements":{"total":7,"covered":1,"skipped":0,"pct":14.28},"branches":{"total":6,"covered":0,"skipped":0,"pct":0}}
,"/home/user/APEX-OmniHub/src/omniconnect/utils/validation.ts": {"lines":{"total":27,"covered":1,"skipped":0,"pct":3.7},"functions":{"total":6,"covered":1,"skipped":0,"pct":16.66},"statements":{"total":46,"covered":1,"skipped":0,"pct":2.17},"branches":{"total":82,"covered":0,"skipped":0,"pct":0}}
,"/home/user/APEX-OmniHub/src/omnidash/agentPrefs.ts": {"lines":{"total":16,"covered":13,"skipped":0,"pct":81.25},"functions":{"total":2,"covered":2,"skipped":0,"pct":100},"statements":{"total":18,"covered":13,"skipped":0,"pct":72.22},"branches":{"total":8,"covered":4,"skipped":0,"pct":50}}
,"/home/user/APEX-OmniHub/src/omnidash/api.ts": {"lines":{"total":96,"covered":84,"skipped":0,"pct":87.5},"functions":{"total":22,"covered":22,"skipped":0,"pct":100},"statements":{"total":100,"covered":88,"skipped":0,"pct":88},"branches":{"total":81,"covered":71,"skipped":0,"pct":87.65}}
,"/home/user/APEX-OmniHub/src/omnidash/hooks.ts": {"lines":{"total":30,"covered":0,"skipped":0,"pct":0},"functions":{"total":11,"covered":0,"skipped":0,"pct":0},"statements":{"total":36,"covered":0,"skipped":0,"pct":0},"branches":{"total":15,"covered":0,"skipped":0,"pct":0}}
,"/home/user/APEX-OmniHub/src/omnidash/redaction.ts": {"lines":{"total":14,"covered":10,"skipped":0,"pct":71.42},"functions":{"total":13,"covered":8,"skipped":0,"pct":61.53},"statements":{"total":21,"covered":12,"skipped":0,"pct":57.14},"branches":{"total":19,"covered":7,"skipped":0,"pct":36.84}}
,"/home/user/APEX-OmniHub/src/omnidash/types.ts": {"lines":{"total":15,"covered":15,"skipped":0,"pct":100},"functions":{"total":4,"covered":4,"skipped":0,"pct":100},"statements":{"total":16,"covered":16,"skipped":0,"pct":100},"branches":{"total":12,"covered":12,"skipped":0,"pct":100}}
,"/home/user/APEX-OmniHub/src/omnidash/uiRegistry.ts": {"lines":{"total":3,"covered":3,"skipped":0,"pct":100},"functions":{"total":2,"covered":2,"skipped":0,"pct":100},"statements":{"total":4,"covered":4,"skipped":0,"pct":100},"branches":{"total":0,"covered":0,"skipped":0,"pct":100}}
,"/home/user/APEX-OmniHub/src/omnidash/useOmniDashAction.ts": {"lines":{"total":43,"covered":25,"skipped":0,"pct":58.13},"functions":{"total":9,"covered":5,"skipped":0,"pct":55.55},"statements":{"total":45,"covered":26,"skipped":0,"pct":57.77},"branches":{"total":35,"covered":16,"skipped":0,"pct":45.71}}
,"/home/user/APEX-OmniHub/src/omnidash/useOmniDashKeyboardShortcuts.ts": {"lines":{"total":14,"covered":14,"skipped":0,"pct":100},"functions":{"total":5,"covered":5,"skipped":0,"pct":100},"statements":{"total":16,"covered":16,"skipped":0,"pct":100},"branches":{"total":15,"covered":15,"skipped":0,"pct":100}}
,"/home/user/APEX-OmniHub/src/providers/Web3Provider.tsx": {"lines":{"total":2,"covered":2,"skipped":0,"pct":100},"functions":{"total":1,"covered":1,"skipped":0,"pct":100},"statements":{"total":2,"covered":2,"skipped":0,"pct":100},"branches":{"total":0,"covered":0,"skipped":0,"pct":100}}
,"/home/user/APEX-OmniHub/src/security/auditLog.ts": {"lines":{"total":74,"covered":67,"skipped":0,"pct":90.54},"functions":{"total":16,"covered":14,"skipped":0,"pct":87.5},"statements":{"total":83,"covered":73,"skipped":0,"pct":87.95},"branches":{"total":53,"covered":41,"skipped":0,"pct":77.35}}
,"/home/user/APEX-OmniHub/src/security/promptDefense.ts": {"lines":{"total":21,"covered":19,"skipped":0,"pct":90.47},"functions":{"total":5,"covered":5,"skipped":0,"pct":100},"statements":{"total":21,"covered":19,"skipped":0,"pct":90.47},"branches":{"total":17,"covered":14,"skipped":0,"pct":82.35}}
,"/home/user/APEX-OmniHub/src/security/promptDefenseConfig.ts": {"lines":{"total":1,"covered":1,"skipped":0,"pct":100},"functions":{"total":0,"covered":0,"skipped":0,"pct":100},"statements":{"total":1,"covered":1,"skipped":0,"pct":100},"branches":{"total":0,"covered":0,"skipped":0,"pct":100}}
,"/home/user/APEX-OmniHub/src/stores/notificationStore.ts": {"lines":{"total":17,"covered":17,"skipped":0,"pct":100},"functions":{"total":10,"covered":10,"skipped":0,"pct":100},"statements":{"total":18,"covered":18,"skipped":0,"pct":100},"branches":{"total":4,"covered":4,"skipped":0,"pct":100}}
,"/home/user/APEX-OmniHub/src/stores/omniBoardStore.ts": {"lines":{"total":50,"covered":4,"skipped":0,"pct":8},"functions":{"total":14,"covered":1,"skipped":0,"pct":7.14},"statements":{"total":53,"covered":5,"skipped":0,"pct":9.43},"branches":{"total":16,"covered":0,"skipped":0,"pct":0}}
,"/home/user/APEX-OmniHub/src/stores/omniMediaStore.ts": {"lines":{"total":17,"covered":15,"skipped":0,"pct":88.23},"functions":{"total":9,"covered":9,"skipped":0,"pct":100},"statements":{"total":19,"covered":17,"skipped":0,"pct":89.47},"branches":{"total":7,"covered":5,"skipped":0,"pct":71.42}}
,"/home/user/APEX-OmniHub/src/stores/omniModalStore.ts": {"lines":{"total":23,"covered":23,"skipped":0,"pct":100},"functions":{"total":5,"covered":5,"skipped":0,"pct":100},"statements":{"total":26,"covered":26,"skipped":0,"pct":100},"branches":{"total":20,"covered":20,"skipped":0,"pct":100}}
,"/home/user/APEX-OmniHub/src/utils/RealtimeAudio.ts": {"lines":{"total":99,"covered":16,"skipped":0,"pct":16.16},"functions":{"total":15,"covered":1,"skipped":0,"pct":6.66},"statements":{"total":105,"covered":18,"skipped":0,"pct":17.14},"branches":{"total":18,"covered":2,"skipped":0,"pct":11.11}}
,"/home/user/APEX-OmniHub/src/utils/postLoginRouter.ts": {"lines":{"total":34,"covered":31,"skipped":0,"pct":91.17},"functions":{"total":10,"covered":8,"skipped":0,"pct":80},"statements":{"total":35,"covered":32,"skipped":0,"pct":91.42},"branches":{"total":29,"covered":23,"skipped":0,"pct":79.31}}
,"/home/user/APEX-OmniHub/src/zero-trust/baseline.ts": {"lines":{"total":24,"covered":24,"skipped":0,"pct":100},"functions":{"total":9,"covered":9,"skipped":0,"pct":100},"statements":{"total":28,"covered":28,"skipped":0,"pct":100},"branches":{"total":12,"covered":12,"skipped":0,"pct":100}}
,"/home/user/APEX-OmniHub/src/zero-trust/deviceRegistry.ts": {"lines":{"total":184,"covered":130,"skipped":0,"pct":70.65},"functions":{"total":41,"covered":25,"skipped":0,"pct":60.97},"statements":{"total":201,"covered":136,"skipped":0,"pct":67.66},"branches":{"total":92,"covered":54,"skipped":0,"pct":58.69}}
,"/home/user/APEX-OmniHub/supabase/functions/_shared/omnilinkScopes.ts": {"lines":{"total":17,"covered":17,"skipped":0,"pct":100},"functions":{"total":6,"covered":6,"skipped":0,"pct":100},"statements":{"total":27,"covered":22,"skipped":0,"pct":81.48},"branches":{"total":23,"covered":17,"skipped":0,"pct":73.91}}
,"/home/user/APEX-OmniHub/supabase/functions/_shared/omniport-normalize.ts": {"lines":{"total":15,"covered":12,"skipped":0,"pct":80},"functions":{"total":4,"covered":3,"skipped":0,"pct":75},"statements":{"total":18,"covered":14,"skipped":0,"pct":77.77},"branches":{"total":19,"covered":15,"skipped":0,"pct":78.94}}
,"/home/user/APEX-OmniHub/tests/maestro/__helpers__/setup.ts": {"lines":{"total":16,"covered":15,"skipped":0,"pct":93.75},"functions":{"total":5,"covered":4,"skipped":0,"pct":80},"statements":{"total":16,"covered":15,"skipped":0,"pct":93.75},"branches":{"total":8,"covered":6,"skipped":0,"pct":75}}
,"/home/user/APEX-OmniHub/tests/maestro/__helpers__/test-factories.ts": {"lines":{"total":22,"covered":18,"skipped":0,"pct":81.81},"functions":{"total":8,"covered":7,"skipped":0,"pct":87.5},"statements":{"total":23,"covered":19,"skipped":0,"pct":82.6},"branches":{"total":8,"covered":5,"skipped":0,"pct":62.5}}
,"/home/user/APEX-OmniHub/tests/omniconnect/fixtures/test-data.ts": {"lines":{"total":7,"covered":7,"skipped":0,"pct":100},"functions":{"total":0,"covered":0,"skipped":0,"pct":100},"statements":{"total":7,"covered":7,"skipped":0,"pct":100},"branches":{"total":0,"covered":0,"skipped":0,"pct":100}}
}
